<?xml version="1.0" encoding="UTF-8" standalone="no"?><testsuite errors="0" failures="1" name="realizar_credito_libre_inversion.feature" skipped="0" tests="1" time="5.17" timestamp="2024-05-28 04:00:48"><testcase name="Realizar credito libre inversion sobre pagina Bancolombia"><failure message="Expected condition failed: waiting for By.xpath: //a[@id='visa-solicita-tarjeta-compras'] to be present (tried for 8 second(s) with 100 milliseconds interval)&#10;Build info: version: '4.16.1', revision: '9b4c83354e'&#10;System info: os.name: 'Windows 11', os.arch: 'amd64', os.version: '10.0', java.version: '11.0.15'&#10;Driver info: driver.version: unknown" type="net.thucydides.core.webdriver.exceptions.ElementShouldBePresentException">Expected condition failed: waiting for By.xpath: //a[@id='visa-solicita-tarjeta-compras'] to be present (tried for 8 second(s) with 100 milliseconds interval)
Build info: version: '4.16.1', revision: '9b4c83354e'
System info: os.name: 'Windows 11', os.arch: 'amd64', os.version: '10.0', java.version: '11.0.15'
Driver info: driver.version: unknown</failure><system-err>Expected condition failed: waiting for By.xpath: //a[@id='visa-solicita-tarjeta-compras'] to be present (tried for 8 second(s) with 100 milliseconds interval)
Build info: version: '4.16.1', revision: '9b4c83354e'
System info: os.name: 'Windows 11', os.arch: 'amd64', os.version: '10.0', java.version: '11.0.15'
Driver info: driver.version: unknown&#13;
co.com.udea.certificacion.autenticacion.interactions.fillBancolombia.performAs(fillBancolombia.java:26)&#13;
co.com.udea.certificacion.autenticacion.tasks.FillAllThe.performAs(FillAllThe.java:11)&#13;
co.com.udea.certificacion.autenticacion.stepdefinitions.PerformCreditStepDefinition.ingresoInformacionCredito(PerformCreditStepDefinition.java:47)&#13;
org.eclipse.jdt.internal.junit4.runner.JUnit4TestReference.run(JUnit4TestReference.java:93)&#13;
org.eclipse.jdt.internal.junit.runner.TestExecution.run(TestExecution.java:40)&#13;
org.eclipse.jdt.internal.junit.runner.RemoteTestRunner.runTests(RemoteTestRunner.java:529)&#13;
org.eclipse.jdt.internal.junit.runner.RemoteTestRunner.runTests(RemoteTestRunner.java:757)&#13;
org.eclipse.jdt.internal.junit.runner.RemoteTestRunner.run(RemoteTestRunner.java:452)&#13;
org.eclipse.jdt.internal.junit.runner.RemoteTestRunner.main(RemoteTestRunner.java:210)&#13;
</system-err></testcase></testsuite>