<?xml version="1.0" encoding="UTF-8" standalone="no"?><testsuite errors="0" failures="1" name="Realizar un credito libre inversion en pagina Bancolombia. Yo Como cliente de Bancolombia, quiero solicitar un crédito de libre inversión en la página web para obtener financiamiento más fácilmente." skipped="0" tests="1" time="4.49" timestamp="2024-05-28 12:59:42"><testcase name="Realizar credito libre inversion sobre pagina Bancolombia"><failure message="&#10;Expected: a string containing &quot;!La solicitud ha sido enviada con exito!&quot;&#10;     but: was &quot;¡La solicitud ha sido enviada con exito!&quot;" type="java.lang.AssertionError">
Expected: a string containing "!La solicitud ha sido enviada con exito!"
     but: was "¡La solicitud ha sido enviada con exito!"</failure><system-err>
Expected: a string containing "!La solicitud ha sido enviada con exito!"
     but: was "¡La solicitud ha sido enviada con exito!"&#13;
co.com.udea.certificacion.autenticacion.stepdefinitions.PerformCreditStepDefinition.veoConfirmacionPrestamo(PerformCreditStepDefinition.java:52)&#13;
worker.org.gradle.process.internal.worker.GradleWorkerMain.run(GradleWorkerMain.java:69)&#13;
worker.org.gradle.process.internal.worker.GradleWorkerMain.main(GradleWorkerMain.java:74)&#13;
</system-err></testcase></testsuite>