<?xml version="1.0" encoding="UTF-8" standalone="no"?><testsuite errors="1" failures="0" name="Realizar un credito libre inversion en pagina Bancolombia. Yo Como cliente de Bancolombia, quiero solicitar un crédito de libre inversión en la página web para obtener financiamiento más fácilmente." skipped="0" tests="1" time="7.82" timestamp="2024-05-27 10:36:09"><testcase name="Realizar credito libre inversion sobre pagina Bancolombia"><error message="no such element: Unable to locate element: {&quot;method&quot;:&quot;xpath&quot;,&quot;selector&quot;:&quot;(//input[contains(@class,'ng-pristine ng-invalid')])[2]&quot;}&#10;  (Session info: chrome=125.0.6422.77)&#10;For documentation on this error, please visit: https://www.selenium.dev/documentation/webdriver/troubleshooting/errors#no-such-element-exception&#10;Build info: version: '4.16.1', revision: '9b4c83354e'&#10;System info: os.name: 'Windows 11', os.arch: 'amd64', os.version: '10.0', java.version: '17.0.9'&#10;Driver info: org.openqa.selenium.chrome.ChromeDriver&#10;Command: [4eb57b4f8853cf5f6411c1a5ead9235e, findElement {using=xpath, value=(//input[contains(@class,'ng-pristine ng-invalid')])[2]}]&#10;Capabilities {acceptInsecureCerts: false, browserName: chrome, browserVersion: 125.0.6422.77, chrome: {chromedriverVersion: 125.0.6422.78 (14db42ec38ad..., userDataDir: C:\Users\User\AppData\Local...}, fedcm:accounts: true, goog:chromeOptions: {debuggerAddress: localhost:50256}, networkConnectionEnabled: false, pageLoadStrategy: normal, platformName: windows, proxy: Proxy(), se:cdp: ws://localhost:50256/devtoo..., se:cdpVersion: 125.0.6422.77, setWindowRect: true, strictFileInteractability: false, timeouts: {implicit: 0, pageLoad: 300000, script: 30000}, unhandledPromptBehavior: dismiss and notify, webauthn:extension:credBlob: true, webauthn:extension:largeBlob: true, webauthn:extension:minPinLength: true, webauthn:extension:prf: true, webauthn:virtualAuthenticators: true}&#10;Session ID: 4eb57b4f8853cf5f6411c1a5ead9235e" type="org.openqa.selenium.NoSuchElementException">no such element: Unable to locate element: {"method":"xpath","selector":"(//input[contains(@class,'ng-pristine ng-invalid')])[2]"}
  (Session info: chrome=125.0.6422.77)
For documentation on this error, please visit: https://www.selenium.dev/documentation/webdriver/troubleshooting/errors#no-such-element-exception
Build info: version: '4.16.1', revision: '9b4c83354e'
System info: os.name: 'Windows 11', os.arch: 'amd64', os.version: '10.0', java.version: '17.0.9'
Driver info: org.openqa.selenium.chrome.ChromeDriver
Command: [4eb57b4f8853cf5f6411c1a5ead9235e, findElement {using=xpath, value=(//input[contains(@class,'ng-pristine ng-invalid')])[2]}]
Capabilities {acceptInsecureCerts: false, browserName: chrome, browserVersion: 125.0.6422.77, chrome: {chromedriverVersion: 125.0.6422.78 (14db42ec38ad..., userDataDir: C:\Users\User\AppData\Local...}, fedcm:accounts: true, goog:chromeOptions: {debuggerAddress: localhost:50256}, networkConnectionEnabled: false, pageLoadStrategy: normal, platformName: windows, proxy: Proxy(), se:cdp: ws://localhost:50256/devtoo..., se:cdpVersion: 125.0.6422.77, setWindowRect: true, strictFileInteractability: false, timeouts: {implicit: 0, pageLoad: 300000, script: 30000}, unhandledPromptBehavior: dismiss and notify, webauthn:extension:credBlob: true, webauthn:extension:largeBlob: true, webauthn:extension:minPinLength: true, webauthn:extension:prf: true, webauthn:virtualAuthenticators: true}
Session ID: 4eb57b4f8853cf5f6411c1a5ead9235e</error><system-err>no such element: Unable to locate element: {"method":"xpath","selector":"(//input[contains(@class,'ng-pristine ng-invalid')])[2]"}
  (Session info: chrome=125.0.6422.77)
For documentation on this error, please visit: https://www.selenium.dev/documentation/webdriver/troubleshooting/errors#no-such-element-exception
Build info: version: '4.16.1', revision: '9b4c83354e'
System info: os.name: 'Windows 11', os.arch: 'amd64', os.version: '10.0', java.version: '17.0.9'
Driver info: org.openqa.selenium.chrome.ChromeDriver
Command: [4eb57b4f8853cf5f6411c1a5ead9235e, findElement {using=xpath, value=(//input[contains(@class,'ng-pristine ng-invalid')])[2]}]
Capabilities {acceptInsecureCerts: false, browserName: chrome, browserVersion: 125.0.6422.77, chrome: {chromedriverVersion: 125.0.6422.78 (14db42ec38ad..., userDataDir: C:\Users\User\AppData\Local...}, fedcm:accounts: true, goog:chromeOptions: {debuggerAddress: localhost:50256}, networkConnectionEnabled: false, pageLoadStrategy: normal, platformName: windows, proxy: Proxy(), se:cdp: ws://localhost:50256/devtoo..., se:cdpVersion: 125.0.6422.77, setWindowRect: true, strictFileInteractability: false, timeouts: {implicit: 0, pageLoad: 300000, script: 30000}, unhandledPromptBehavior: dismiss and notify, webauthn:extension:credBlob: true, webauthn:extension:largeBlob: true, webauthn:extension:minPinLength: true, webauthn:extension:prf: true, webauthn:virtualAuthenticators: true}
Session ID: 4eb57b4f8853cf5f6411c1a5ead9235e&#13;
co.com.udea.certificacion.autenticacion.interactions.enterEmail.performAs(enterEmail.java:13)&#13;
co.com.udea.certificacion.autenticacion.tasks.FillAllThe.performAs(FillAllThe.java:24)&#13;
co.com.udea.certificacion.autenticacion.stepdefinitions.PerformCreditStepDefinition.ingresoInformacionCredito(PerformCreditStepDefinition.java:47)&#13;
worker.org.gradle.process.internal.worker.GradleWorkerMain.run(GradleWorkerMain.java:69)&#13;
worker.org.gradle.process.internal.worker.GradleWorkerMain.main(GradleWorkerMain.java:74)&#13;
</system-err></testcase></testsuite>